2024-01-19 14:01:43,042 - has_winning_path - INFO - Inputs: b=[[0 0 0 0]
 [0 0 0 0]
 [0 0 0 0]
 [0 0 0 0]], size=4, player=1, direction=[ 0  1  1  0  1 -1]
2024-01-19 14:01:43,042 - has_winning_path - INFO - Inputs: b=[[0 0 0 0]
 [0 0 0 0]
 [0 0 0 0]
 [0 0 0 0]], size=4, player=-1, direction=[ 0  1  1  0  1 -1]
2024-01-19 14:01:43,043 - has_winning_path - INFO - Inputs: b=[[0 0 0 0]
 [0 0 0 0]
 [0 0 0 0]
 [0 0 1 0]], size=4, player=1, direction=[ 0  1  1  0  1 -1]
2024-01-19 14:01:43,044 - has_winning_path - INFO - Inputs: b=[[ 0  0  0  0]
 [ 0  0  0  0]
 [ 0  0  0  0]
 [-1  0  1  0]], size=4, player=-1, direction=[ 0  1  1  0  1 -1]
2024-01-19 14:01:43,059 - has_winning_path - INFO - Inputs: b=[[0 0 0 0]
 [0 0 0 0]
 [0 0 0 0]
 [0 0 0 0]], size=4, player=1, direction=[ 0  1  1  0  1 -1]
2024-01-19 14:01:43,059 - has_winning_path - INFO - Inputs: b=[[0 0 0 0]
 [0 0 0 0]
 [0 0 0 0]
 [0 0 0 0]], size=4, player=-1, direction=[ 0  1  1  0  1 -1]
2024-01-19 14:01:43,059 - has_winning_path - INFO - Inputs: b=[[0 0 0 0]
 [0 0 0 0]
 [0 0 1 0]
 [0 0 0 0]], size=4, player=1, direction=[ 0  1  1  0  1 -1]
2024-01-19 14:01:43,060 - has_winning_path - INFO - Inputs: b=[[ 0  0  0  0]
 [ 0  0  0  0]
 [ 0  0  1  0]
 [-1  0  0  0]], size=4, player=-1, direction=[ 0  1  1  0  1 -1]
2024-01-19 14:01:43,071 - has_winning_path - INFO - Inputs: b=[[0 0 0 0]
 [0 0 0 0]
 [0 0 0 0]
 [0 0 0 0]], size=4, player=1, direction=[ 0  1  1  0  1 -1]
2024-01-19 14:01:43,071 - has_winning_path - INFO - Inputs: b=[[0 0 0 0]
 [0 0 0 0]
 [0 0 0 0]
 [0 0 0 0]], size=4, player=-1, direction=[ 0  1  1  0  1 -1]
2024-01-19 14:01:43,071 - has_winning_path - INFO - Inputs: b=[[0 0 0 0]
 [0 0 0 0]
 [0 0 0 1]
 [0 0 0 0]], size=4, player=1, direction=[ 0  1  1  0  1 -1]
2024-01-19 14:01:43,071 - has_winning_path - INFO - Inputs: b=[[ 0  0  0  0]
 [ 0  0  0  0]
 [ 0  0  0  1]
 [ 0 -1  0  0]], size=4, player=-1, direction=[ 0  1  1  0  1 -1]
2024-01-19 14:01:43,097 - has_winning_path - INFO - Inputs: b=[[0 0 0 0]
 [0 0 0 0]
 [0 0 0 0]
 [0 0 0 0]], size=4, player=1, direction=[ 0  1  1  0  1 -1]
2024-01-19 14:01:43,097 - has_winning_path - INFO - Inputs: b=[[0 0 0 0]
 [0 0 0 0]
 [0 0 0 0]
 [0 0 0 0]], size=4, player=-1, direction=[ 0  1  1  0  1 -1]
2024-01-19 14:01:43,098 - has_winning_path - INFO - Inputs: b=[[0 0 0 0]
 [0 0 1 0]
 [0 0 0 0]
 [0 0 0 0]], size=4, player=1, direction=[ 0  1  1  0  1 -1]
2024-01-19 14:01:43,098 - has_winning_path - INFO - Inputs: b=[[ 0  0  0  0]
 [ 0  0  1  0]
 [ 0  0  0  0]
 [-1  0  0  0]], size=4, player=-1, direction=[ 0  1  1  0  1 -1]
2024-01-19 14:01:43,110 - has_winning_path - INFO - Inputs: b=[[0 0 0 0]
 [0 0 0 0]
 [0 0 0 0]
 [0 0 0 0]], size=4, player=1, direction=[ 0  1  1  0  1 -1]
2024-01-19 14:01:43,110 - has_winning_path - INFO - Inputs: b=[[0 0 0 0]
 [0 0 0 0]
 [0 0 0 0]
 [0 0 0 0]], size=4, player=-1, direction=[ 0  1  1  0  1 -1]
2024-01-19 14:01:43,110 - has_winning_path - INFO - Inputs: b=[[0 0 0 0]
 [0 0 0 0]
 [0 0 0 1]
 [0 0 0 0]], size=4, player=1, direction=[ 0  1  1  0  1 -1]
2024-01-19 14:01:43,110 - has_winning_path - INFO - Inputs: b=[[ 0  0  0  0]
 [ 0  0  0 -1]
 [ 0  0  0  1]
 [ 0  0  0  0]], size=4, player=-1, direction=[ 0  1  1  0  1 -1]
2024-01-19 14:01:43,122 - has_winning_path - INFO - Inputs: b=[[0 0 0 0]
 [0 0 0 0]
 [0 0 0 0]
 [0 0 0 0]], size=4, player=1, direction=[ 0  1  1  0  1 -1]
2024-01-19 14:01:43,122 - has_winning_path - INFO - Inputs: b=[[0 0 0 0]
 [0 0 0 0]
 [0 0 0 0]
 [0 0 0 0]], size=4, player=-1, direction=[ 0  1  1  0  1 -1]
2024-01-19 14:01:43,122 - has_winning_path - INFO - Inputs: b=[[0 0 0 0]
 [0 0 0 0]
 [0 0 0 0]
 [1 0 0 0]], size=4, player=1, direction=[ 0  1  1  0  1 -1]
2024-01-19 14:01:43,122 - has_winning_path - INFO - Inputs: b=[[ 0  0  0  0]
 [ 0  0  0  0]
 [ 0  0  0  0]
 [ 1 -1  0  0]], size=4, player=-1, direction=[ 0  1  1  0  1 -1]
2024-01-19 14:01:43,137 - has_winning_path - INFO - Inputs: b=[[0 0 0 0]
 [0 0 0 0]
 [0 0 0 0]
 [0 0 0 0]], size=4, player=1, direction=[ 0  1  1  0  1 -1]
2024-01-19 14:01:43,138 - has_winning_path - INFO - Inputs: b=[[0 0 0 0]
 [0 0 0 0]
 [0 0 0 0]
 [0 0 0 0]], size=4, player=-1, direction=[ 0  1  1  0  1 -1]
2024-01-19 14:01:43,138 - has_winning_path - INFO - Inputs: b=[[0 0 0 0]
 [0 0 0 0]
 [0 0 0 0]
 [0 0 0 1]], size=4, player=1, direction=[ 0  1  1  0  1 -1]
2024-01-19 14:01:43,138 - has_winning_path - INFO - Inputs: b=[[ 0  0  0  0]
 [ 0  0  0  0]
 [ 0  0  0 -1]
 [ 0  0  0  1]], size=4, player=-1, direction=[ 0  1  1  0  1 -1]
2024-01-19 14:01:43,142 - has_winning_path - INFO - Inputs: b=[[0 0 0 0]
 [0 0 0 0]
 [0 0 0 0]
 [0 0 0 0]], size=4, player=1, direction=[ 0  1  1  0  1 -1]
2024-01-19 14:01:43,143 - has_winning_path - INFO - Inputs: b=[[0 0 0 0]
 [0 0 0 0]
 [0 0 0 0]
 [0 0 0 0]], size=4, player=-1, direction=[ 0  1  1  0  1 -1]
2024-01-19 14:01:43,143 - has_winning_path - INFO - Inputs: b=[[0 0 0 0]
 [0 0 0 0]
 [0 0 0 0]
 [0 0 1 0]], size=4, player=1, direction=[ 0  1  1  0  1 -1]
2024-01-19 14:01:43,143 - has_winning_path - INFO - Inputs: b=[[ 0  0  0  0]
 [ 0  0  0  0]
 [ 0 -1  0  0]
 [ 0  0  1  0]], size=4, player=-1, direction=[ 0  1  1  0  1 -1]
2024-01-19 14:01:43,174 - has_winning_path - INFO - Inputs: b=[[0 0 0 0]
 [0 0 0 0]
 [0 0 0 0]
 [0 0 0 0]], size=4, player=1, direction=[ 0  1  1  0  1 -1]
2024-01-19 14:01:43,174 - has_winning_path - INFO - Inputs: b=[[0 0 0 0]
 [0 0 0 0]
 [0 0 0 0]
 [0 0 0 0]], size=4, player=-1, direction=[ 0  1  1  0  1 -1]
2024-01-19 14:01:43,174 - has_winning_path - INFO - Inputs: b=[[0 0 0 0]
 [0 0 0 1]
 [0 0 0 0]
 [0 0 0 0]], size=4, player=1, direction=[ 0  1  1  0  1 -1]
2024-01-19 14:01:43,174 - has_winning_path - INFO - Inputs: b=[[ 0  0  0  0]
 [ 0  0  0  1]
 [ 0  0  0  0]
 [-1  0  0  0]], size=4, player=-1, direction=[ 0  1  1  0  1 -1]
2024-01-19 14:01:43,178 - has_winning_path - INFO - Inputs: b=[[0 0 0 0]
 [0 0 0 0]
 [0 0 0 0]
 [0 0 0 0]], size=4, player=1, direction=[ 0  1  1  0  1 -1]
2024-01-19 14:01:43,179 - has_winning_path - INFO - Inputs: b=[[0 0 0 0]
 [0 0 0 0]
 [0 0 0 0]
 [0 0 0 0]], size=4, player=-1, direction=[ 0  1  1  0  1 -1]
2024-01-19 14:01:43,179 - has_winning_path - INFO - Inputs: b=[[0 0 0 0]
 [1 0 0 0]
 [0 0 0 0]
 [0 0 0 0]], size=4, player=1, direction=[ 0  1  1  0  1 -1]
2024-01-19 14:01:43,179 - has_winning_path - INFO - Inputs: b=[[-1  0  0  0]
 [ 1  0  0  0]
 [ 0  0  0  0]
 [ 0  0  0  0]], size=4, player=-1, direction=[ 0  1  1  0  1 -1]
2024-01-19 14:01:43,184 - has_winning_path - INFO - Inputs: b=[[0 0 0 0]
 [0 0 0 0]
 [0 0 0 0]
 [0 0 0 0]], size=4, player=1, direction=[ 0  1  1  0  1 -1]
2024-01-19 14:01:43,184 - has_winning_path - INFO - Inputs: b=[[0 0 0 0]
 [0 0 0 0]
 [0 0 0 0]
 [0 0 0 0]], size=4, player=-1, direction=[ 0  1  1  0  1 -1]
2024-01-19 14:01:43,185 - has_winning_path - INFO - Inputs: b=[[0 1 0 0]
 [0 0 0 0]
 [0 0 0 0]
 [0 0 0 0]], size=4, player=1, direction=[ 0  1  1  0  1 -1]
2024-01-19 14:01:43,185 - has_winning_path - INFO - Inputs: b=[[ 0  1  0  0]
 [ 0  0  0  0]
 [ 0  0  0  0]
 [ 0  0  0 -1]], size=4, player=-1, direction=[ 0  1  1  0  1 -1]
2024-01-19 14:01:43,194 - has_winning_path - INFO - Inputs: b=[[0 0 0 0]
 [0 0 0 0]
 [0 0 0 0]
 [0 0 0 0]], size=4, player=1, direction=[ 0  1  1  0  1 -1]
2024-01-19 14:01:43,195 - has_winning_path - INFO - Inputs: b=[[0 0 0 0]
 [0 0 0 0]
 [0 0 0 0]
 [0 0 0 0]], size=4, player=-1, direction=[ 0  1  1  0  1 -1]
2024-01-19 14:01:43,195 - has_winning_path - INFO - Inputs: b=[[0 0 0 0]
 [0 0 0 0]
 [0 1 0 0]
 [0 0 0 0]], size=4, player=1, direction=[ 0  1  1  0  1 -1]
2024-01-19 14:01:43,205 - has_winning_path - INFO - Inputs: b=[[ 0  0  0  0]
 [ 0  0  0  0]
 [ 0  1  0  0]
 [-1  0  0  0]], size=4, player=-1, direction=[ 0  1  1  0  1 -1]
2024-01-19 14:01:43,211 - has_winning_path - INFO - Inputs: b=[[0 0 0 0]
 [0 0 0 0]
 [0 0 0 0]
 [0 0 0 0]], size=4, player=1, direction=[ 0  1  1  0  1 -1]
2024-01-19 14:01:43,211 - has_winning_path - INFO - Inputs: b=[[0 0 0 0]
 [0 0 0 0]
 [0 0 0 0]
 [0 0 0 0]], size=4, player=-1, direction=[ 0  1  1  0  1 -1]
2024-01-19 14:01:43,211 - has_winning_path - INFO - Inputs: b=[[0 0 0 0]
 [0 0 0 0]
 [0 0 0 0]
 [0 0 1 0]], size=4, player=1, direction=[ 0  1  1  0  1 -1]
2024-01-19 14:01:43,211 - has_winning_path - INFO - Inputs: b=[[ 0  0  0  0]
 [ 0  0  0  0]
 [ 0  0  0  0]
 [-1  0  1  0]], size=4, player=-1, direction=[ 0  1  1  0  1 -1]
2024-01-19 14:01:43,217 - has_winning_path - INFO - Inputs: b=[[0 0 0 0]
 [0 0 0 0]
 [0 0 0 0]
 [0 0 0 0]], size=4, player=1, direction=[ 0  1  1  0  1 -1]
2024-01-19 14:01:43,217 - has_winning_path - INFO - Inputs: b=[[0 0 0 0]
 [0 0 0 0]
 [0 0 0 0]
 [0 0 0 0]], size=4, player=-1, direction=[ 0  1  1  0  1 -1]
2024-01-19 14:01:43,217 - has_winning_path - INFO - Inputs: b=[[0 0 0 0]
 [0 0 0 0]
 [0 0 0 0]
 [0 0 1 0]], size=4, player=1, direction=[ 0  1  1  0  1 -1]
2024-01-19 14:01:43,218 - has_winning_path - INFO - Inputs: b=[[ 0  0  0  0]
 [ 0  0  0  0]
 [ 0  0  0  0]
 [-1  0  1  0]], size=4, player=-1, direction=[ 0  1  1  0  1 -1]
2024-01-19 14:01:43,233 - has_winning_path - INFO - Inputs: b=[[0 0 0 0]
 [0 0 0 0]
 [0 0 0 0]
 [0 0 0 0]], size=4, player=1, direction=[ 0  1  1  0  1 -1]
2024-01-19 14:01:43,233 - has_winning_path - INFO - Inputs: b=[[0 0 0 0]
 [0 0 0 0]
 [0 0 0 0]
 [0 0 0 0]], size=4, player=-1, direction=[ 0  1  1  0  1 -1]
2024-01-19 14:01:43,233 - has_winning_path - INFO - Inputs: b=[[0 0 0 0]
 [0 0 0 0]
 [0 0 0 0]
 [0 1 0 0]], size=4, player=1, direction=[ 0  1  1  0  1 -1]
2024-01-19 14:01:43,234 - has_winning_path - INFO - Inputs: b=[[ 0  0  0  0]
 [ 0  0  0  0]
 [ 0  0  0  0]
 [-1  1  0  0]], size=4, player=-1, direction=[ 0  1  1  0  1 -1]
2024-01-19 14:01:43,246 - has_winning_path - INFO - Inputs: b=[[0 0 0 0]
 [0 0 0 0]
 [0 0 0 0]
 [0 0 0 0]], size=4, player=1, direction=[ 0  1  1  0  1 -1]
2024-01-19 14:01:43,246 - has_winning_path - INFO - Inputs: b=[[0 0 0 0]
 [0 0 0 0]
 [0 0 0 0]
 [0 0 0 0]], size=4, player=-1, direction=[ 0  1  1  0  1 -1]
2024-01-19 14:01:43,246 - has_winning_path - INFO - Inputs: b=[[1 0 0 0]
 [0 0 0 0]
 [0 0 0 0]
 [0 0 0 0]], size=4, player=1, direction=[ 0  1  1  0  1 -1]
2024-01-19 14:01:43,248 - has_winning_path - INFO - Inputs: b=[[ 1  0  0  0]
 [ 0  0  0  0]
 [ 0  0  0  0]
 [-1  0  0  0]], size=4, player=-1, direction=[ 0  1  1  0  1 -1]
2024-01-19 14:01:43,257 - has_winning_path - INFO - Inputs: b=[[0 0 0 0]
 [0 0 0 0]
 [0 0 0 0]
 [0 0 0 0]], size=4, player=1, direction=[ 0  1  1  0  1 -1]
2024-01-19 14:01:43,257 - has_winning_path - INFO - Inputs: b=[[0 0 0 0]
 [0 0 0 0]
 [0 0 0 0]
 [0 0 0 0]], size=4, player=-1, direction=[ 0  1  1  0  1 -1]
2024-01-19 14:01:43,258 - has_winning_path - INFO - Inputs: b=[[0 0 0 0]
 [0 0 0 0]
 [0 0 0 0]
 [0 0 0 1]], size=4, player=1, direction=[ 0  1  1  0  1 -1]
2024-01-19 14:01:43,259 - has_winning_path - INFO - Inputs: b=[[ 0  0  0  0]
 [ 0  0  0  0]
 [ 0  0  0  0]
 [-1  0  0  1]], size=4, player=-1, direction=[ 0  1  1  0  1 -1]
2024-01-19 14:01:43,265 - has_winning_path - INFO - Inputs: b=[[0 0 0 0]
 [0 0 0 0]
 [0 0 0 0]
 [0 0 0 0]], size=4, player=1, direction=[ 0  1  1  0  1 -1]
2024-01-19 14:01:43,265 - has_winning_path - INFO - Inputs: b=[[0 0 0 0]
 [0 0 0 0]
 [0 0 0 0]
 [0 0 0 0]], size=4, player=-1, direction=[ 0  1  1  0  1 -1]
2024-01-19 14:01:43,266 - has_winning_path - INFO - Inputs: b=[[0 1 0 0]
 [0 0 0 0]
 [0 0 0 0]
 [0 0 0 0]], size=4, player=1, direction=[ 0  1  1  0  1 -1]
2024-01-19 14:01:43,266 - has_winning_path - INFO - Inputs: b=[[ 0  1  0  0]
 [ 0  0  0  0]
 [ 0  0  0  0]
 [-1  0  0  0]], size=4, player=-1, direction=[ 0  1  1  0  1 -1]
2024-01-19 14:01:43,275 - has_winning_path - INFO - Inputs: b=[[0 0 0 0]
 [0 0 0 0]
 [0 0 0 0]
 [0 0 0 0]], size=4, player=1, direction=[ 0  1  1  0  1 -1]
2024-01-19 14:01:43,275 - has_winning_path - INFO - Inputs: b=[[0 0 0 0]
 [0 0 0 0]
 [0 0 0 0]
 [0 0 0 0]], size=4, player=-1, direction=[ 0  1  1  0  1 -1]
2024-01-19 14:01:43,275 - has_winning_path - INFO - Inputs: b=[[0 0 0 0]
 [0 0 0 0]
 [0 0 0 1]
 [0 0 0 0]], size=4, player=1, direction=[ 0  1  1  0  1 -1]
2024-01-19 14:01:43,275 - has_winning_path - INFO - Inputs: b=[[ 0  0  0  0]
 [ 0  0  0  0]
 [ 0  0  0  1]
 [-1  0  0  0]], size=4, player=-1, direction=[ 0  1  1  0  1 -1]
2024-01-19 14:01:43,286 - has_winning_path - INFO - Inputs: b=[[0 0 0 0]
 [0 0 0 0]
 [0 0 0 0]
 [0 0 0 0]], size=4, player=1, direction=[ 0  1  1  0  1 -1]
2024-01-19 14:01:43,286 - has_winning_path - INFO - Inputs: b=[[0 0 0 0]
 [0 0 0 0]
 [0 0 0 0]
 [0 0 0 0]], size=4, player=-1, direction=[ 0  1  1  0  1 -1]
2024-01-19 14:01:43,286 - has_winning_path - INFO - Inputs: b=[[0 0 0 0]
 [0 0 0 0]
 [0 0 0 0]
 [1 0 0 0]], size=4, player=1, direction=[ 0  1  1  0  1 -1]
2024-01-19 14:01:43,286 - has_winning_path - INFO - Inputs: b=[[ 0  0  0  0]
 [ 0  0  0  0]
 [ 0 -1  0  0]
 [ 1  0  0  0]], size=4, player=-1, direction=[ 0  1  1  0  1 -1]
2024-01-19 14:01:43,288 - has_winning_path - INFO - Inputs: b=[[0 0 0 0]
 [0 0 0 0]
 [0 0 0 0]
 [0 0 0 0]], size=4, player=1, direction=[ 0  1  1  0  1 -1]
2024-01-19 14:01:43,289 - has_winning_path - INFO - Inputs: b=[[0 0 0 0]
 [0 0 0 0]
 [0 0 0 0]
 [0 0 0 0]], size=4, player=-1, direction=[ 0  1  1  0  1 -1]
2024-01-19 14:01:43,289 - has_winning_path - INFO - Inputs: b=[[0 0 0 0]
 [0 0 0 0]
 [0 0 0 0]
 [1 0 0 0]], size=4, player=1, direction=[ 0  1  1  0  1 -1]
2024-01-19 14:01:43,289 - has_winning_path - INFO - Inputs: b=[[ 0  0  0  0]
 [ 0  0  0  0]
 [ 0  0  0  0]
 [ 1 -1  0  0]], size=4, player=-1, direction=[ 0  1  1  0  1 -1]
2024-01-19 14:01:43,295 - has_winning_path - INFO - Inputs: b=[[0 0 0 0]
 [0 0 0 0]
 [0 0 0 0]
 [0 0 0 0]], size=4, player=1, direction=[ 0  1  1  0  1 -1]
2024-01-19 14:01:43,296 - has_winning_path - INFO - Inputs: b=[[0 0 0 0]
 [0 0 0 0]
 [0 0 0 0]
 [0 0 0 0]], size=4, player=-1, direction=[ 0  1  1  0  1 -1]
2024-01-19 14:01:43,296 - has_winning_path - INFO - Inputs: b=[[0 0 0 0]
 [0 0 0 0]
 [0 0 1 0]
 [0 0 0 0]], size=4, player=1, direction=[ 0  1  1  0  1 -1]
2024-01-19 14:01:43,296 - has_winning_path - INFO - Inputs: b=[[ 0  0  0  0]
 [ 0  0  0  0]
 [ 0  0  1  0]
 [-1  0  0  0]], size=4, player=-1, direction=[ 0  1  1  0  1 -1]
2024-01-19 14:01:43,310 - has_winning_path - INFO - Inputs: b=[[0 0 0 0]
 [0 0 0 0]
 [0 0 0 0]
 [0 0 0 0]], size=4, player=1, direction=[ 0  1  1  0  1 -1]
2024-01-19 14:01:43,313 - has_winning_path - INFO - Inputs: b=[[0 0 0 0]
 [0 0 0 0]
 [0 0 0 0]
 [0 0 0 0]], size=4, player=-1, direction=[ 0  1  1  0  1 -1]
2024-01-19 14:01:43,313 - has_winning_path - INFO - Inputs: b=[[0 0 0 0]
 [0 0 0 0]
 [0 0 0 0]
 [0 0 0 1]], size=4, player=1, direction=[ 0  1  1  0  1 -1]
2024-01-19 14:01:43,313 - has_winning_path - INFO - Inputs: b=[[ 0  0  0  0]
 [ 0  0  0  0]
 [ 0  0  0  0]
 [-1  0  0  1]], size=4, player=-1, direction=[ 0  1  1  0  1 -1]
2024-01-19 14:01:43,362 - has_winning_path - INFO - Inputs: b=[[0 0 0 0]
 [0 0 0 0]
 [0 0 0 0]
 [0 0 0 0]], size=4, player=1, direction=[ 0  1  1  0  1 -1]
2024-01-19 14:01:43,363 - has_winning_path - INFO - Inputs: b=[[0 0 0 0]
 [0 0 0 0]
 [0 0 0 0]
 [0 0 0 0]], size=4, player=-1, direction=[ 0  1  1  0  1 -1]
2024-01-19 14:01:43,363 - has_winning_path - INFO - Inputs: b=[[0 0 0 0]
 [0 0 0 0]
 [0 0 0 0]
 [0 1 0 0]], size=4, player=1, direction=[ 0  1  1  0  1 -1]
2024-01-19 14:01:43,363 - has_winning_path - INFO - Inputs: b=[[ 0  0  0  0]
 [ 0  0  0  0]
 [ 0 -1  0  0]
 [ 0  1  0  0]], size=4, player=-1, direction=[ 0  1  1  0  1 -1]
2024-01-19 14:01:43,372 - has_winning_path - INFO - Inputs: b=[[0 0 0 0]
 [0 0 0 0]
 [0 0 0 0]
 [0 0 0 0]], size=4, player=1, direction=[ 0  1  1  0  1 -1]
2024-01-19 14:01:43,373 - has_winning_path - INFO - Inputs: b=[[0 0 0 0]
 [0 0 0 0]
 [0 0 0 0]
 [0 0 0 0]], size=4, player=-1, direction=[ 0  1  1  0  1 -1]
2024-01-19 14:01:43,373 - has_winning_path - INFO - Inputs: b=[[0 1 0 0]
 [0 0 0 0]
 [0 0 0 0]
 [0 0 0 0]], size=4, player=1, direction=[ 0  1  1  0  1 -1]
2024-01-19 14:01:43,373 - has_winning_path - INFO - Inputs: b=[[ 0  1  0  0]
 [ 0  0  0  0]
 [ 0  0  0  0]
 [-1  0  0  0]], size=4, player=-1, direction=[ 0  1  1  0  1 -1]
2024-01-19 14:01:43,385 - has_winning_path - INFO - Inputs: b=[[0 0 0 0]
 [0 0 0 0]
 [0 0 0 0]
 [0 0 0 0]], size=4, player=1, direction=[ 0  1  1  0  1 -1]
2024-01-19 14:01:43,386 - has_winning_path - INFO - Inputs: b=[[0 0 0 0]
 [0 0 0 0]
 [0 0 0 0]
 [0 0 0 0]], size=4, player=-1, direction=[ 0  1  1  0  1 -1]
2024-01-19 14:01:43,386 - has_winning_path - INFO - Inputs: b=[[0 0 0 0]
 [0 1 0 0]
 [0 0 0 0]
 [0 0 0 0]], size=4, player=1, direction=[ 0  1  1  0  1 -1]
2024-01-19 14:01:43,387 - has_winning_path - INFO - Inputs: b=[[ 0  0  0  0]
 [ 0  1  0  0]
 [ 0  0  0  0]
 [-1  0  0  0]], size=4, player=-1, direction=[ 0  1  1  0  1 -1]
2024-01-19 14:01:43,392 - has_winning_path - INFO - Inputs: b=[[0 0 0 0]
 [0 0 0 0]
 [0 0 0 0]
 [0 0 0 0]], size=4, player=1, direction=[ 0  1  1  0  1 -1]
2024-01-19 14:01:43,392 - has_winning_path - INFO - Inputs: b=[[0 0 0 0]
 [0 0 0 0]
 [0 0 0 0]
 [0 0 0 0]], size=4, player=-1, direction=[ 0  1  1  0  1 -1]
2024-01-19 14:01:43,392 - has_winning_path - INFO - Inputs: b=[[0 0 0 1]
 [0 0 0 0]
 [0 0 0 0]
 [0 0 0 0]], size=4, player=1, direction=[ 0  1  1  0  1 -1]
2024-01-19 14:01:43,392 - has_winning_path - INFO - Inputs: b=[[ 0  0  0  1]
 [ 0  0  0  0]
 [ 0  0  0  0]
 [-1  0  0  0]], size=4, player=-1, direction=[ 0  1  1  0  1 -1]
2024-01-19 14:01:43,404 - has_winning_path - INFO - Inputs: b=[[0 0 0 0]
 [0 0 0 0]
 [0 0 0 0]
 [0 0 0 0]], size=4, player=1, direction=[ 0  1  1  0  1 -1]
2024-01-19 14:01:43,404 - has_winning_path - INFO - Inputs: b=[[0 0 0 0]
 [0 0 0 0]
 [0 0 0 0]
 [0 0 0 0]], size=4, player=1, direction=[ 0  1  1  0  1 -1]
2024-01-19 14:01:43,405 - has_winning_path - INFO - Inputs: b=[[0 0 0 0]
 [0 0 0 0]
 [0 0 0 0]
 [0 0 0 0]], size=4, player=-1, direction=[ 0  1  1  0  1 -1]
2024-01-19 14:01:43,405 - has_winning_path - INFO - Inputs: b=[[0 0 0 0]
 [0 0 0 0]
 [0 0 0 0]
 [0 0 0 0]], size=4, player=-1, direction=[ 0  1  1  0  1 -1]
2024-01-19 14:01:43,405 - has_winning_path - INFO - Inputs: b=[[0 0 0 0]
 [0 0 0 0]
 [0 0 0 0]
 [0 0 1 0]], size=4, player=1, direction=[ 0  1  1  0  1 -1]
2024-01-19 14:01:43,405 - has_winning_path - INFO - Inputs: b=[[0 0 0 0]
 [0 0 0 0]
 [0 0 1 0]
 [0 0 0 0]], size=4, player=1, direction=[ 0  1  1  0  1 -1]
2024-01-19 14:01:43,405 - has_winning_path - INFO - Inputs: b=[[ 0  0  0  0]
 [ 0  0  0 -1]
 [ 0  0  0  0]
 [ 0  0  1  0]], size=4, player=-1, direction=[ 0  1  1  0  1 -1]
2024-01-19 14:01:43,405 - has_winning_path - INFO - Inputs: b=[[ 0  0  0  0]
 [ 0  0  0  0]
 [ 0  0  1  0]
 [-1  0  0  0]], size=4, player=-1, direction=[ 0  1  1  0  1 -1]
2024-01-19 14:01:43,415 - has_winning_path - INFO - Inputs: b=[[0 0 0 0]
 [0 0 0 0]
 [0 0 0 0]
 [0 0 0 0]], size=4, player=1, direction=[ 0  1  1  0  1 -1]
2024-01-19 14:01:43,415 - has_winning_path - INFO - Inputs: b=[[0 0 0 0]
 [0 0 0 0]
 [0 0 0 0]
 [0 0 0 0]], size=4, player=-1, direction=[ 0  1  1  0  1 -1]
2024-01-19 14:01:43,415 - has_winning_path - INFO - Inputs: b=[[0 0 1 0]
 [0 0 0 0]
 [0 0 0 0]
 [0 0 0 0]], size=4, player=1, direction=[ 0  1  1  0  1 -1]
2024-01-19 14:01:43,415 - has_winning_path - INFO - Inputs: b=[[ 0  0  1  0]
 [ 0  0  0  0]
 [ 0  0  0  0]
 [-1  0  0  0]], size=4, player=-1, direction=[ 0  1  1  0  1 -1]
2024-01-19 14:01:43,420 - has_winning_path - INFO - Inputs: b=[[0 0 0 0]
 [0 0 0 0]
 [0 0 0 0]
 [0 0 0 0]], size=4, player=1, direction=[ 0  1  1  0  1 -1]
2024-01-19 14:01:43,421 - has_winning_path - INFO - Inputs: b=[[0 0 0 0]
 [0 0 0 0]
 [0 0 0 0]
 [0 0 0 0]], size=4, player=-1, direction=[ 0  1  1  0  1 -1]
2024-01-19 14:01:43,421 - has_winning_path - INFO - Inputs: b=[[0 0 0 0]
 [0 0 0 0]
 [0 0 0 0]
 [1 0 0 0]], size=4, player=1, direction=[ 0  1  1  0  1 -1]
2024-01-19 14:01:43,421 - has_winning_path - INFO - Inputs: b=[[ 0  0  0  0]
 [ 0  0  0  0]
 [ 0  0  0  0]
 [ 1 -1  0  0]], size=4, player=-1, direction=[ 0  1  1  0  1 -1]
2024-01-19 14:01:43,591 - has_winning_path - INFO - Inputs: b=[[0 0 0 0]
 [0 0 0 0]
 [0 0 0 0]
 [0 0 0 0]], size=4, player=1, direction=[ 0  1  1  0  1 -1]
2024-01-19 14:01:43,591 - has_winning_path - INFO - Inputs: b=[[0 0 0 0]
 [0 0 0 0]
 [0 0 0 0]
 [0 0 0 0]], size=4, player=-1, direction=[ 0  1  1  0  1 -1]
2024-01-19 14:01:43,591 - has_winning_path - INFO - Inputs: b=[[0 0 0 1]
 [0 0 0 0]
 [0 0 0 0]
 [0 0 0 0]], size=4, player=1, direction=[ 0  1  1  0  1 -1]
2024-01-19 14:01:43,592 - has_winning_path - INFO - Inputs: b=[[ 0  0  0  1]
 [ 0  0  0  0]
 [ 0  0  0  0]
 [-1  0  0  0]], size=4, player=-1, direction=[ 0  1  1  0  1 -1]
